# JRE version: OpenJDK Runtime Environment Microsoft-8035246 (17.0.8+7) (build 17.0.8+7-LTS)
# Java VM: OpenJDK 64-Bit Server VM Microsoft-8035246 (17.0.8+7-LTS, mixed mode, sharing, tiered, compressed oops, compressed class ptrs, g1 gc, windows-amd64)
GC Precious Log:
 CPUs: 12 total, 12 available
 Memory: 14188M
 Large Page Support: Disabled
 NUMA Support: Disabled
 Compressed Oops: Enabled (32-bit)
 Heap Region Size: 1M
 Heap Min Capacity: 8M
 Heap Initial Capacity: 222M
 Heap Max Capacity: 2G
 Pre-touch: Disabled
 Parallel Workers: 10
 Concurrent Workers: 3
 Concurrent Refinement Workers: 10
 Periodic GC: Disabled
Heap:
 garbage-first heap   total 312320K, used 212611K [0x0000000080000000, 0x0000000100000000)
  region size 1024K, 50 young (51200K), 7 survivors (7168K)
 Metaspace       used 110429K, committed 111424K, reserved 557056K
  class space    used 15208K, committed 15680K, reserved 425984K
GC Heap History (20 events):
Event: 58.383 GC heap before
{Heap before GC invocations=36 (full 0):
 garbage-first heap   total 222208K, used 180640K [0x0000000080000000, 0x0000000100000000)
  region size 1024K, 64 young (65536K), 11 survivors (11264K)
 Metaspace       used 99855K, committed 100864K, reserved 557056K
  class space    used 13793K, committed 14272K, reserved 425984K
}
Event: 58.395 GC heap after
{Heap after GC invocations=37 (full 0):
 garbage-first heap   total 222208K, used 141212K [0x0000000080000000, 0x0000000100000000)
  region size 1024K, 8 young (8192K), 8 survivors (8192K)
 Metaspace       used 99855K, committed 100864K, reserved 557056K
  class space    used 13793K, committed 14272K, reserved 425984K
}
Event: 59.278 GC heap before
{Heap before GC invocations=37 (full 0):
 garbage-first heap   total 222208K, used 180124K [0x0000000080000000, 0x0000000100000000)
  region size 1024K, 46 young (47104K), 8 survivors (8192K)
 Metaspace       used 102293K, committed 103232K, reserved 557056K
  class space    used 14131K, committed 14592K, reserved 425984K
}
Event: 59.285 GC heap after
{Heap after GC invocations=38 (full 0):
 garbage-first heap   total 222208K, used 144678K [0x0000000080000000, 0x0000000100000000)
  region size 1024K, 3 young (3072K), 3 survivors (3072K)
 Metaspace       used 102293K, committed 103232K, reserved 557056K
  class space    used 14131K, committed 14592K, reserved 425984K
}
Event: 60.465 GC heap before
{Heap before GC invocations=38 (full 0):
 garbage-first heap   total 222208K, used 182566K [0x0000000080000000, 0x0000000100000000)
  region size 1024K, 40 young (40960K), 3 survivors (3072K)
 Metaspace       used 104949K, committed 105920K, reserved 557056K
  class space    used 14521K, committed 14976K, reserved 425984K
}
Event: 60.473 GC heap after
{Heap after GC invocations=39 (full 0):
 garbage-first heap   total 222208K, used 147639K [0x0000000080000000, 0x0000000100000000)
  region size 1024K, 5 young (5120K), 5 survivors (5120K)
 Metaspace       used 104949K, committed 105920K, reserved 557056K
  class space    used 14521K, committed 14976K, reserved 425984K
}
Event: 61.242 GC heap before
{Heap before GC invocations=39 (full 0):
 garbage-first heap   total 222208K, used 184503K [0x0000000080000000, 0x0000000100000000)
  region size 1024K, 41 young (41984K), 5 survivors (5120K)
 Metaspace       used 106313K, committed 107328K, reserved 557056K
  class space    used 14702K, committed 15168K, reserved 425984K
}
Event: 61.250 GC heap after
{Heap after GC invocations=40 (full 0):
 garbage-first heap   total 222208K, used 152007K [0x0000000080000000, 0x0000000100000000)
  region size 1024K, 6 young (6144K), 6 survivors (6144K)
 Metaspace       used 106313K, committed 107328K, reserved 557056K
  class space    used 14702K, committed 15168K, reserved 425984K
}
Event: 61.909 GC heap before
{Heap before GC invocations=40 (full 0):
 garbage-first heap   total 222208K, used 185799K [0x0000000080000000, 0x0000000100000000)
  region size 1024K, 39 young (39936K), 6 survivors (6144K)
 Metaspace       used 106701K, committed 107648K, reserved 557056K
  class space    used 14724K, committed 15168K, reserved 425984K
}
Event: 61.917 GC heap after
{Heap after GC invocations=41 (full 0):
 garbage-first heap   total 222208K, used 155915K [0x0000000080000000, 0x0000000100000000)
  region size 1024K, 4 young (4096K), 4 survivors (4096K)
 Metaspace       used 106701K, committed 107648K, reserved 557056K
  class space    used 14724K, committed 15168K, reserved 425984K
}
Event: 62.323 GC heap before
{Heap before GC invocations=41 (full 0):
 garbage-first heap   total 222208K, used 186635K [0x0000000080000000, 0x0000000100000000)
  region size 1024K, 34 young (34816K), 4 survivors (4096K)
 Metaspace       used 107124K, committed 108096K, reserved 557056K
  class space    used 14774K, committed 15232K, reserved 425984K
}
Event: 62.331 GC heap after
{Heap after GC invocations=42 (full 0):
 garbage-first heap   total 222208K, used 159716K [0x0000000080000000, 0x0000000100000000)
  region size 1024K, 4 young (4096K), 4 survivors (4096K)
 Metaspace       used 107124K, committed 108096K, reserved 557056K
  class space    used 14774K, committed 15232K, reserved 425984K
}
Event: 62.655 GC heap before
{Heap before GC invocations=42 (full 0):
 garbage-first heap   total 222208K, used 182244K [0x0000000080000000, 0x0000000100000000)
  region size 1024K, 23 young (23552K), 4 survivors (4096K)
 Metaspace       used 108406K, committed 109376K, reserved 557056K
  class space    used 14846K, committed 15296K, reserved 425984K
}
Event: 62.663 GC heap after
{Heap after GC invocations=43 (full 0):
 garbage-first heap   total 222208K, used 163983K [0x0000000080000000, 0x0000000100000000)
  region size 1024K, 4 young (4096K), 4 survivors (4096K)
 Metaspace       used 108406K, committed 109376K, reserved 557056K
  class space    used 14846K, committed 15296K, reserved 425984K
}
Event: 63.055 GC heap before
{Heap before GC invocations=44 (full 0):
 garbage-first heap   total 285696K, used 182415K [0x0000000080000000, 0x0000000100000000)
  region size 1024K, 23 young (23552K), 4 survivors (4096K)
 Metaspace       used 109642K, committed 110656K, reserved 557056K
  class space    used 15118K, committed 15552K, reserved 425984K
}
Event: 63.061 GC heap after
{Heap after GC invocations=45 (full 0):
 garbage-first heap   total 285696K, used 164424K [0x0000000080000000, 0x0000000100000000)
  region size 1024K, 2 young (2048K), 2 survivors (2048K)
 Metaspace       used 109642K, committed 110656K, reserved 557056K
  class space    used 15118K, committed 15552K, reserved 425984K
}
Event: 63.137 GC heap before
{Heap before GC invocations=45 (full 0):
 garbage-first heap   total 285696K, used 174664K [0x0000000080000000, 0x0000000100000000)
  region size 1024K, 13 young (13312K), 2 survivors (2048K)
 Metaspace       used 109708K, committed 110656K, reserved 557056K
  class space    used 15119K, committed 15552K, reserved 425984K
}
Event: 63.141 GC heap after
{Heap after GC invocations=46 (full 0):
 garbage-first heap   total 285696K, used 164109K [0x0000000080000000, 0x0000000100000000)
  region size 1024K, 1 young (1024K), 1 survivors (1024K)
 Metaspace       used 109708K, committed 110656K, reserved 557056K
  class space    used 15119K, committed 15552K, reserved 425984K
}
Event: 63.996 GC heap before
{Heap before GC invocations=46 (full 0):
 garbage-first heap   total 285696K, used 232717K [0x0000000080000000, 0x0000000100000000)
  region size 1024K, 69 young (70656K), 1 survivors (1024K)
 Metaspace       used 110414K, committed 111424K, reserved 557056K
  class space    used 15213K, committed 15680K, reserved 425984K
}
Event: 64.003 GC heap after
{Heap after GC invocations=47 (full 0):
 garbage-first heap   total 285696K, used 169603K [0x0000000080000000, 0x0000000100000000)
  region size 1024K, 7 young (7168K), 7 survivors (7168K)
 Metaspace       used 110414K, committed 111424K, reserved 557056K
  class space    used 15213K, committed 15680K, reserved 425984K
}

