# JRE version: OpenJDK Runtime Environment Microsoft-8035246 (17.0.8+7) (build 17.0.8+7-LTS)
# Java VM: OpenJDK 64-Bit Server VM Microsoft-8035246 (17.0.8+7-LTS, mixed mode, sharing, tiered, compressed oops, compressed class ptrs, g1 gc, windows-amd64)
GC Precious Log:
 CPUs: 12 total, 12 available
 Memory: 14188M
 Large Page Support: Disabled
 NUMA Support: Disabled
 Compressed Oops: Enabled (32-bit)
 Heap Region Size: 1M
 Heap Min Capacity: 8M
 Heap Initial Capacity: 222M
 Heap Max Capacity: 2G
 Pre-touch: Disabled
 Parallel Workers: 10
 Concurrent Workers: 3
 Concurrent Refinement Workers: 10
 Periodic GC: Disabled
Heap:
 garbage-first heap   total 281600K, used 175746K [0x0000000080000000, 0x0000000100000000)
  region size 1024K, 10 young (10240K), 4 survivors (4096K)
 Metaspace       used 102019K, committed 102912K, reserved 557056K
  class space    used 14157K, committed 14592K, reserved 425984K
GC Heap History (20 events):
Event: 38.419 GC heap before
{Heap before GC invocations=62 (full 0):
 garbage-first heap   total 215040K, used 171893K [0x0000000080000000, 0x0000000100000000)
  region size 1024K, 52 young (53248K), 2 survivors (2048K)
 Metaspace       used 91279K, committed 92160K, reserved 557056K
  class space    used 12753K, committed 13184K, reserved 425984K
}
Event: 38.428 GC heap after
{Heap after GC invocations=63 (full 0):
 garbage-first heap   total 215040K, used 133777K [0x0000000080000000, 0x0000000100000000)
  region size 1024K, 7 young (7168K), 7 survivors (7168K)
 Metaspace       used 91279K, committed 92160K, reserved 557056K
  class space    used 12753K, committed 13184K, reserved 425984K
}
Event: 39.407 GC heap before
{Heap before GC invocations=64 (full 0):
 garbage-first heap   total 229376K, used 173713K [0x0000000080000000, 0x0000000100000000)
  region size 1024K, 45 young (46080K), 7 survivors (7168K)
 Metaspace       used 91966K, committed 92800K, reserved 557056K
  class space    used 12830K, committed 13248K, reserved 425984K
}
Event: 39.415 GC heap after
{Heap after GC invocations=65 (full 0):
 garbage-first heap   total 229376K, used 144607K [0x0000000080000000, 0x0000000100000000)
  region size 1024K, 6 young (6144K), 6 survivors (6144K)
 Metaspace       used 91966K, committed 92800K, reserved 557056K
  class space    used 12830K, committed 13248K, reserved 425984K
}
Event: 39.508 GC heap before
{Heap before GC invocations=65 (full 0):
 garbage-first heap   total 229376K, used 149727K [0x0000000080000000, 0x0000000100000000)
  region size 1024K, 11 young (11264K), 6 survivors (6144K)
 Metaspace       used 92244K, committed 93120K, reserved 557056K
  class space    used 12866K, committed 13312K, reserved 425984K
}
Event: 39.514 GC heap after
{Heap after GC invocations=66 (full 0):
 garbage-first heap   total 229376K, used 144757K [0x0000000080000000, 0x0000000100000000)
  region size 1024K, 1 young (1024K), 1 survivors (1024K)
 Metaspace       used 92244K, committed 93120K, reserved 557056K
  class space    used 12866K, committed 13312K, reserved 425984K
}
Event: 40.401 GC heap before
{Heap before GC invocations=66 (full 0):
 garbage-first heap   total 229376K, used 185717K [0x0000000080000000, 0x0000000100000000)
  region size 1024K, 41 young (41984K), 1 survivors (1024K)
 Metaspace       used 95570K, committed 96512K, reserved 557056K
  class space    used 13378K, committed 13824K, reserved 425984K
}
Event: 40.406 GC heap after
{Heap after GC invocations=67 (full 0):
 garbage-first heap   total 229376K, used 146342K [0x0000000080000000, 0x0000000100000000)
  region size 1024K, 3 young (3072K), 3 survivors (3072K)
 Metaspace       used 95570K, committed 96512K, reserved 557056K
  class space    used 13378K, committed 13824K, reserved 425984K
}
Event: 41.480 GC heap before
{Heap before GC invocations=67 (full 0):
 garbage-first heap   total 229376K, used 187302K [0x0000000080000000, 0x0000000100000000)
  region size 1024K, 43 young (44032K), 3 survivors (3072K)
 Metaspace       used 97510K, committed 98368K, reserved 557056K
  class space    used 13630K, committed 14080K, reserved 425984K
}
Event: 41.487 GC heap after
{Heap after GC invocations=68 (full 0):
 garbage-first heap   total 229376K, used 150238K [0x0000000080000000, 0x0000000100000000)
  region size 1024K, 6 young (6144K), 6 survivors (6144K)
 Metaspace       used 97510K, committed 98368K, reserved 557056K
  class space    used 13630K, committed 14080K, reserved 425984K
}
Event: 42.436 GC heap before
{Heap before GC invocations=68 (full 0):
 garbage-first heap   total 229376K, used 190174K [0x0000000080000000, 0x0000000100000000)
  region size 1024K, 45 young (46080K), 6 survivors (6144K)
 Metaspace       used 98314K, committed 99200K, reserved 557056K
  class space    used 13716K, committed 14144K, reserved 425984K
}
Event: 42.444 GC heap after
{Heap after GC invocations=69 (full 0):
 garbage-first heap   total 229376K, used 154443K [0x0000000080000000, 0x0000000100000000)
  region size 1024K, 5 young (5120K), 5 survivors (5120K)
 Metaspace       used 98314K, committed 99200K, reserved 557056K
  class space    used 13716K, committed 14144K, reserved 425984K
}
Event: 42.994 GC heap before
{Heap before GC invocations=69 (full 0):
 garbage-first heap   total 229376K, used 190283K [0x0000000080000000, 0x0000000100000000)
  region size 1024K, 41 young (41984K), 5 survivors (5120K)
 Metaspace       used 98826K, committed 99712K, reserved 557056K
  class space    used 13770K, committed 14208K, reserved 425984K
}
Event: 43.002 GC heap after
{Heap after GC invocations=70 (full 0):
 garbage-first heap   total 229376K, used 159910K [0x0000000080000000, 0x0000000100000000)
  region size 1024K, 6 young (6144K), 6 survivors (6144K)
 Metaspace       used 98826K, committed 99712K, reserved 557056K
  class space    used 13770K, committed 14208K, reserved 425984K
}
Event: 43.631 GC heap before
{Heap before GC invocations=71 (full 0):
 garbage-first heap   total 281600K, used 191654K [0x0000000080000000, 0x0000000100000000)
  region size 1024K, 33 young (33792K), 6 survivors (6144K)
 Metaspace       used 101070K, committed 101952K, reserved 557056K
  class space    used 14044K, committed 14464K, reserved 425984K
}
Event: 43.639 GC heap after
{Heap after GC invocations=72 (full 0):
 garbage-first heap   total 281600K, used 162100K [0x0000000080000000, 0x0000000100000000)
  region size 1024K, 4 young (4096K), 4 survivors (4096K)
 Metaspace       used 101070K, committed 101952K, reserved 557056K
  class space    used 14044K, committed 14464K, reserved 425984K
}
Event: 43.733 GC heap before
{Heap before GC invocations=72 (full 0):
 garbage-first heap   total 281600K, used 170292K [0x0000000080000000, 0x0000000100000000)
  region size 1024K, 13 young (13312K), 4 survivors (4096K)
 Metaspace       used 101138K, committed 102080K, reserved 557056K
  class space    used 14049K, committed 14464K, reserved 425984K
}
Event: 43.737 GC heap after
{Heap after GC invocations=73 (full 0):
 garbage-first heap   total 281600K, used 161985K [0x0000000080000000, 0x0000000100000000)
  region size 1024K, 1 young (1024K), 1 survivors (1024K)
 Metaspace       used 101138K, committed 102080K, reserved 557056K
  class space    used 14049K, committed 14464K, reserved 425984K
}
Event: 44.677 GC heap before
{Heap before GC invocations=73 (full 0):
 garbage-first heap   total 281600K, used 224449K [0x0000000080000000, 0x0000000100000000)
  region size 1024K, 63 young (64512K), 1 survivors (1024K)
 Metaspace       used 101995K, committed 102912K, reserved 557056K
  class space    used 14156K, committed 14592K, reserved 425984K
}
Event: 44.683 GC heap after
{Heap after GC invocations=74 (full 0):
 garbage-first heap   total 281600K, used 166947K [0x0000000080000000, 0x0000000100000000)
  region size 1024K, 6 young (6144K), 6 survivors (6144K)
 Metaspace       used 101995K, committed 102912K, reserved 557056K
  class space    used 14156K, committed 14592K, reserved 425984K
}

